Vivado Simulator v2022.1
Copyright 1986-1999, 2001-2022 Xilinx, Inc. All Rights Reserved.
Running: D:/Xilinx/Vivado/2022.1/bin/unwrapped/win64.o/xelab.exe --incr --debug typical --relax --mt 2 --maxdelay -L xil_defaultlib -L simprims_ver -L secureip --snapshot simulation_time_impl -transport_int_delays -pulse_r 0 -pulse_int_r 0 -pulse_e 0 -pulse_int_e 0 xil_defaultlib.simulation xil_defaultlib.glbl -log elaborate.log 
Using 2 slave threads.
Starting static elaboration
Pass Through NonSizing Optimizer
Completed static elaboration
Starting simulation data flow analysis
Completed simulation data flow analysis
INFO: [XSIM 43-3451] SDF backannotation process started with SDF file "simulation_time_impl.sdf", for root module "simulation/uut".
INFO: [XSIM 43-3452] SDF backannotation was successful for SDF file "simulation_time_impl.sdf", for root module "simulation/uut".
Time Resolution for simulation is 1ps
Compiling package std.standard
Compiling package std.textio
Compiling package ieee.std_logic_1164
Compiling package vl.vl_types
Compiling module xil_defaultlib.glbl
Compiling module simprims_ver.BUFG
Compiling module simprims_ver.IBUF
Compiling module simprims_ver.LUT6
Compiling module simprims_ver.FDRE_default
Compiling module simprims_ver.LUT4
Compiling module simprims_ver.x_lut2_mux4
Compiling module simprims_ver.LUT2
Compiling module simprims_ver.CARRY4
Compiling module simprims_ver.x_lut3_mux8
Compiling module simprims_ver.LUT3
Compiling module xil_defaultlib.ButtonDebouncer
Compiling module simprims_ver.x_lut1_mux2
Compiling module simprims_ver.LUT1(INIT=2'b01)
Compiling module xil_defaultlib.Divisore_freq
Compiling module simprims_ver.LUT5
Compiling module xil_defaultlib.register_8
Compiling module xil_defaultlib.register_8_0
Compiling module xil_defaultlib.register_8_1
Compiling module xil_defaultlib.counter_mod8
Compiling module simprims_ver.FDSE_default
Compiling module xil_defaultlib.control_unit
Compiling module xil_defaultlib.register_1
Compiling module xil_defaultlib.Booth_multiplier
Compiling module simprims_ver.OBUF
Compiling module xil_defaultlib.Multiplier_on_board
Compiling architecture behavioral of entity xil_defaultlib.simulation
Built simulation snapshot simulation_time_impl
