INFO: [VRFC 10-163] Analyzing VHDL file "C:/Users/bobbo/Desktop/roba tesina/5_cronometro/parte 1/cronometro parte 1 srcs da includere/Counter_mod24_struct.vhd" into library xil_defaultlib
INFO: [VRFC 10-3107] analyzing entity 'Counter_mod24_struct'
WARNING: [VRFC 10-3093] actual for formal port 'reset' is neither a static name nor a globally static expression [C:/Users/bobbo/Desktop/roba tesina/5_cronometro/parte 1/cronometro parte 1 srcs da includere/Counter_mod24_struct.vhd:69]
INFO: [VRFC 10-163] Analyzing VHDL file "C:/Users/bobbo/Desktop/roba tesina/5_cronometro/parte 1/cronometro parte 1 srcs da includere/Counter_mod32_struct.vhd" into library xil_defaultlib
INFO: [VRFC 10-3107] analyzing entity 'Counter_mod32_struct'
WARNING: [VRFC 10-3093] actual for formal port 'reset' is neither a static name nor a globally static expression [C:/Users/bobbo/Desktop/roba tesina/5_cronometro/parte 1/cronometro parte 1 srcs da includere/Counter_mod32_struct.vhd:67]
WARNING: [VRFC 10-3093] actual for formal port 'preset' is neither a static name nor a globally static expression [C:/Users/bobbo/Desktop/roba tesina/5_cronometro/parte 1/cronometro parte 1 srcs da includere/Counter_mod32_struct.vhd:68]
WARNING: [VRFC 10-3093] actual for formal port 'reset' is neither a static name nor a globally static expression [C:/Users/bobbo/Desktop/roba tesina/5_cronometro/parte 1/cronometro parte 1 srcs da includere/Counter_mod32_struct.vhd:78]
WARNING: [VRFC 10-3093] actual for formal port 'preset' is neither a static name nor a globally static expression [C:/Users/bobbo/Desktop/roba tesina/5_cronometro/parte 1/cronometro parte 1 srcs da includere/Counter_mod32_struct.vhd:79]
WARNING: [VRFC 10-3093] actual for formal port 'input' is neither a static name nor a globally static expression [C:/Users/bobbo/Desktop/roba tesina/5_cronometro/parte 1/cronometro parte 1 srcs da includere/Counter_mod32_struct.vhd:80]
WARNING: [VRFC 10-3093] actual for formal port 'reset' is neither a static name nor a globally static expression [C:/Users/bobbo/Desktop/roba tesina/5_cronometro/parte 1/cronometro parte 1 srcs da includere/Counter_mod32_struct.vhd:88]
WARNING: [VRFC 10-3093] actual for formal port 'preset' is neither a static name nor a globally static expression [C:/Users/bobbo/Desktop/roba tesina/5_cronometro/parte 1/cronometro parte 1 srcs da includere/Counter_mod32_struct.vhd:89]
WARNING: [VRFC 10-3093] actual for formal port 'input' is neither a static name nor a globally static expression [C:/Users/bobbo/Desktop/roba tesina/5_cronometro/parte 1/cronometro parte 1 srcs da includere/Counter_mod32_struct.vhd:90]
WARNING: [VRFC 10-3093] actual for formal port 'reset' is neither a static name nor a globally static expression [C:/Users/bobbo/Desktop/roba tesina/5_cronometro/parte 1/cronometro parte 1 srcs da includere/Counter_mod32_struct.vhd:98]
WARNING: [VRFC 10-3093] actual for formal port 'preset' is neither a static name nor a globally static expression [C:/Users/bobbo/Desktop/roba tesina/5_cronometro/parte 1/cronometro parte 1 srcs da includere/Counter_mod32_struct.vhd:99]
WARNING: [VRFC 10-3093] actual for formal port 'input' is neither a static name nor a globally static expression [C:/Users/bobbo/Desktop/roba tesina/5_cronometro/parte 1/cronometro parte 1 srcs da includere/Counter_mod32_struct.vhd:100]
WARNING: [VRFC 10-3093] actual for formal port 'reset' is neither a static name nor a globally static expression [C:/Users/bobbo/Desktop/roba tesina/5_cronometro/parte 1/cronometro parte 1 srcs da includere/Counter_mod32_struct.vhd:108]
WARNING: [VRFC 10-3093] actual for formal port 'preset' is neither a static name nor a globally static expression [C:/Users/bobbo/Desktop/roba tesina/5_cronometro/parte 1/cronometro parte 1 srcs da includere/Counter_mod32_struct.vhd:109]
WARNING: [VRFC 10-3093] actual for formal port 'input' is neither a static name nor a globally static expression [C:/Users/bobbo/Desktop/roba tesina/5_cronometro/parte 1/cronometro parte 1 srcs da includere/Counter_mod32_struct.vhd:110]
INFO: [VRFC 10-163] Analyzing VHDL file "C:/Users/bobbo/Desktop/roba tesina/5_cronometro/parte 1/cronometro parte 1 srcs da includere/Counter_mod60.vhd" into library xil_defaultlib
INFO: [VRFC 10-3107] analyzing entity 'Counter_mod60'
WARNING: [VRFC 10-3093] actual for formal port 'en' is neither a static name nor a globally static expression [C:/Users/bobbo/Desktop/roba tesina/5_cronometro/parte 1/cronometro parte 1 srcs da includere/Counter_mod60.vhd:68]
WARNING: [VRFC 10-3093] actual for formal port 'reset' is neither a static name nor a globally static expression [C:/Users/bobbo/Desktop/roba tesina/5_cronometro/parte 1/cronometro parte 1 srcs da includere/Counter_mod60.vhd:69]
INFO: [VRFC 10-163] Analyzing VHDL file "C:/Users/bobbo/Desktop/roba tesina/5_cronometro/parte 1/cronometro parte 1 srcs da includere/Counter_mod64.vhd" into library xil_defaultlib
INFO: [VRFC 10-3107] analyzing entity 'Counter_mod64'
INFO: [VRFC 10-163] Analyzing VHDL file "C:/Users/bobbo/Desktop/roba tesina/5_cronometro/parte 1/cronometro parte 1 srcs da includere/Cronometro.vhd" into library xil_defaultlib
INFO: [VRFC 10-3107] analyzing entity 'Cronometro'
WARNING: [VRFC 10-3093] actual for formal port 'reset' is neither a static name nor a globally static expression [C:/Users/bobbo/Desktop/roba tesina/5_cronometro/parte 1/cronometro parte 1 srcs da includere/Cronometro.vhd:102]
WARNING: [VRFC 10-3093] actual for formal port 'en' is neither a static name nor a globally static expression [C:/Users/bobbo/Desktop/roba tesina/5_cronometro/parte 1/cronometro parte 1 srcs da includere/Cronometro.vhd:110]
WARNING: [VRFC 10-3093] actual for formal port 'en' is neither a static name nor a globally static expression [C:/Users/bobbo/Desktop/roba tesina/5_cronometro/parte 1/cronometro parte 1 srcs da includere/Cronometro.vhd:120]
WARNING: [VRFC 10-3093] actual for formal port 'en' is neither a static name nor a globally static expression [C:/Users/bobbo/Desktop/roba tesina/5_cronometro/parte 1/cronometro parte 1 srcs da includere/Cronometro.vhd:131]
INFO: [VRFC 10-163] Analyzing VHDL file "C:/Users/bobbo/Desktop/roba tesina/5_cronometro/parte 1/cronometro parte 1 srcs da includere/Divisore_freq.vhd" into library xil_defaultlib
INFO: [VRFC 10-3107] analyzing entity 'Divisore_freq'
INFO: [VRFC 10-163] Analyzing VHDL file "C:/Users/bobbo/Desktop/roba tesina/5_cronometro/parte 1/cronometro parte 1 srcs da includere/FF_D.vhd" into library xil_defaultlib
INFO: [VRFC 10-3107] analyzing entity 'FF_D'
INFO: [VRFC 10-163] Analyzing VHDL file "C:/Users/bobbo/Desktop/roba tesina/5_cronometro/parte 1/cronometro parte 1 simulazione da includere/simulazione_cronometro.vhd" into library xil_defaultlib
INFO: [VRFC 10-3107] analyzing entity 'simulazione_cronometro'
