Copyright 1986-2022 Xilinx, Inc. All Rights Reserved.
------------------------------------------------------------------------------------------------
| Tool Version : Vivado v.2022.1 (win64) Build 3526262 Mon Apr 18 15:48:16 MDT 2022
| Date         : Thu Jan  5 11:37:03 2023
| Host         : DESKTOP-1RVA572 running 64-bit major release  (build 9200)
| Command      : report_control_sets -verbose -file Multiplier_on_board_control_sets_placed.rpt
| Design       : Multiplier_on_board
| Device       : xc7a50ti
------------------------------------------------------------------------------------------------

Control Set Information

Table of Contents
-----------------
1. Summary
2. Histogram
3. Flip-Flop Distribution
4. Detailed Control Set Information

1. Summary
----------

+----------------------------------------------------------+-------+
|                          Status                          | Count |
+----------------------------------------------------------+-------+
| Total control sets                                       |     7 |
|    Minimum number of control sets                        |     7 |
|    Addition due to synthesis replication                 |     0 |
|    Addition due to physical synthesis replication        |     0 |
| Unused register locations in slices containing registers |    12 |
+----------------------------------------------------------+-------+
* Control sets can be merged at opt_design using control_set_merge or merge_equivalent_drivers
** Run report_qor_suggestions for automated merging and remapping suggestions


2. Histogram
------------

+--------------------+-------+
|       Fanout       | Count |
+--------------------+-------+
| Total control sets |     7 |
| >= 0 to < 4        |     1 |
| >= 4 to < 6        |     2 |
| >= 6 to < 8        |     0 |
| >= 8 to < 10       |     2 |
| >= 10 to < 12      |     0 |
| >= 12 to < 14      |     0 |
| >= 14 to < 16      |     0 |
| >= 16              |     2 |
+--------------------+-------+
* Control sets can be remapped at either synth_design or opt_design


3. Flip-Flop Distribution
-------------------------

+--------------+-----------------------+------------------------+-----------------+--------------+
| Clock Enable | Synchronous Set/Reset | Asynchronous Set/Reset | Total Registers | Total Slices |
+--------------+-----------------------+------------------------+-----------------+--------------+
| No           | No                    | No                     |               7 |            2 |
| No           | No                    | Yes                    |               0 |            0 |
| No           | Yes                   | No                     |               5 |            1 |
| Yes          | No                    | No                     |              32 |            7 |
| Yes          | No                    | Yes                    |               0 |            0 |
| Yes          | Yes                   | No                     |              32 |           11 |
+--------------+-----------------------+------------------------+-----------------+--------------+


4. Detailed Control Set Information
-----------------------------------

+------------------+--------------------------------------------------------+-----------------------+------------------+----------------+--------------+
|   Clock Signal   |                      Enable Signal                     |    Set/Reset Signal   | Slice Load Count | Bel Load Count | Bels / Slice |
+------------------+--------------------------------------------------------+-----------------------+------------------+----------------+--------------+
| ~clock_IBUF_BUFG |                                                        |                       |                1 |              3 |         3.00 |
|  clock_IBUF_BUFG |                                                        |                       |                1 |              4 |         4.00 |
|  clock_IBUF_BUFG |                                                        | reset_IBUF            |                1 |              5 |         5.00 |
|  clock_IBUF_BUFG | multiplier/controllo/E[0]                              | deb_start/reset00_out |                4 |              8 |         2.00 |
|  clock_IBUF_BUFG | multiplier/controllo/Q[1]                              | deb_start/reset00_out |                3 |              8 |         2.67 |
|  clock_IBUF_BUFG | multiplier/controllo/FSM_onehot_curr_state_reg[4]_0[0] | deb_start/reset00_out |                4 |             16 |         4.00 |
| ~clock_IBUF_BUFG | deb_start/cont_0                                       |                       |                7 |             32 |         4.57 |
+------------------+--------------------------------------------------------+-----------------------+------------------+----------------+--------------+


