Copyright 1986-2022 Xilinx, Inc. All Rights Reserved.
------------------------------------------------------------------------------------------------------------------------------------------------------------
| Tool Version : Vivado v.2022.1 (win64) Build 3526262 Mon Apr 18 15:48:16 MDT 2022
| Date         : Thu Dec 29 11:14:04 2022
| Host         : DESKTOP-IR34L4A running 64-bit major release  (build 9200)
| Command      : report_drc -file cronometro_con_display_drc_routed.rpt -pb cronometro_con_display_drc_routed.pb -rpx cronometro_con_display_drc_routed.rpx
| Design       : cronometro_con_display
| Device       : xc7a50ticsg324-1L
| Speed File   : -1L
| Design State : Fully Routed
------------------------------------------------------------------------------------------------------------------------------------------------------------

Report DRC

Table of Contents
-----------------
1. REPORT SUMMARY
2. REPORT DETAILS

1. REPORT SUMMARY
-----------------
            Netlist: netlist
          Floorplan: design_1
      Design limits: <entire design considered>
           Ruledeck: default
             Max violations: <unlimited>
             Violations found: 6
+----------+----------+-----------------------------------------------------+------------+
| Rule     | Severity | Description                                         | Violations |
+----------+----------+-----------------------------------------------------+------------+
| CFGBVS-1 | Warning  | Missing CFGBVS and CONFIG_VOLTAGE Design Properties | 1          |
| PDRC-153 | Warning  | Gated clock check                                   | 5          |
+----------+----------+-----------------------------------------------------+------------+

2. REPORT DETAILS
-----------------
CFGBVS-1#1 Warning
Missing CFGBVS and CONFIG_VOLTAGE Design Properties  
Neither the CFGBVS nor CONFIG_VOLTAGE voltage property is set in the current_design.  Configuration bank voltage select (CFGBVS) must be set to VCCO or GND, and CONFIG_VOLTAGE must be set to the correct configuration voltage, in order to determine the I/O voltage support for the pins in bank 0.  It is suggested to specify these either using the 'Edit Device Properties' function in the GUI or directly in the XDC file using the following syntax:

 set_property CFGBVS value1 [current_design]
 #where value1 is either VCCO or GND

 set_property CONFIG_VOLTAGE value2 [current_design]
 #where value2 is the voltage provided to configuration bank 0

Refer to the device configuration user guide for more information.
Related violations: <none>

PDRC-153#1 Warning
Gated clock check  
Net Cron/funzione_set/__4/i__n_0 is a gated clock net sourced by a combinational pin Cron/funzione_set/__4/i_/O, cell Cron/funzione_set/__4/i_. This is not good design practice and will likely impact performance. For SLICE registers, for example, use the CE pin to control the loading of data.
Related violations: <none>

PDRC-153#2 Warning
Gated clock check  
Net Cron/funzione_set/stato_prossimo is a gated clock net sourced by a combinational pin Cron/funzione_set/__7/i_/O, cell Cron/funzione_set/__7/i_. This is not good design practice and will likely impact performance. For SLICE registers, for example, use the CE pin to control the loading of data.
Related violations: <none>

PDRC-153#3 Warning
Gated clock check  
Net Cron/funzione_set/temp_set_out_reg_i_1_n_0 is a gated clock net sourced by a combinational pin Cron/funzione_set/temp_set_out_reg_i_1/O, cell Cron/funzione_set/temp_set_out_reg_i_1. This is not good design practice and will likely impact performance. For SLICE registers, for example, use the CE pin to control the loading of data.
Related violations: <none>

PDRC-153#4 Warning
Gated clock check  
Net Cron/funzione_set/temp_v_set_h is a gated clock net sourced by a combinational pin Cron/funzione_set/temp_v_set_h_reg[4]_i_1/O, cell Cron/funzione_set/temp_v_set_h_reg[4]_i_1. This is not good design practice and will likely impact performance. For SLICE registers, for example, use the CE pin to control the loading of data.
Related violations: <none>

PDRC-153#5 Warning
Gated clock check  
Net Cron/funzione_set/temp_v_set_s is a gated clock net sourced by a combinational pin Cron/funzione_set/temp_v_set_s_reg[5]_i_1/O, cell Cron/funzione_set/temp_v_set_s_reg[5]_i_1. This is not good design practice and will likely impact performance. For SLICE registers, for example, use the CE pin to control the loading of data.
Related violations: <none>


