Copyright 1986-2022 Xilinx, Inc. All Rights Reserved.
--------------------------------------------------------------------------------------------------------------------------------------------------------------------------------------------------------
| Tool Version : Vivado v.2022.1 (win64) Build 3526262 Mon Apr 18 15:48:16 MDT 2022
| Date         : Thu Dec 29 11:14:04 2022
| Host         : DESKTOP-IR34L4A running 64-bit major release  (build 9200)
| Command      : report_methodology -file cronometro_con_display_methodology_drc_routed.rpt -pb cronometro_con_display_methodology_drc_routed.pb -rpx cronometro_con_display_methodology_drc_routed.rpx
| Design       : cronometro_con_display
| Device       : xc7a50ticsg324-1L
| Speed File   : -1L
| Design State : Fully Routed
--------------------------------------------------------------------------------------------------------------------------------------------------------------------------------------------------------

Report Methodology

Table of Contents
-----------------
1. REPORT SUMMARY
2. REPORT DETAILS

1. REPORT SUMMARY
-----------------
            Netlist: netlist
          Floorplan: design_1
      Design limits: <entire design considered>
             Max violations: <unlimited>
             Violations found: 41
+-----------+----------+--------------------------------+------------+
| Rule      | Severity | Description                    | Violations |
+-----------+----------+--------------------------------+------------+
| TIMING-18 | Warning  | Missing input or output delay  | 18         |
| TIMING-20 | Warning  | Non-clocked latch              | 22         |
| LATCH-1   | Advisory | Existing latches in the design | 1          |
+-----------+----------+--------------------------------+------------+

2. REPORT DETAILS
-----------------
TIMING-18#1 Warning
Missing input or output delay  
An input delay is missing on reset relative to clock(s) sys_clk_pin
Related violations: <none>

TIMING-18#2 Warning
Missing input or output delay  
An input delay is missing on set relative to clock(s) sys_clk_pin
Related violations: <none>

TIMING-18#3 Warning
Missing input or output delay  
An output delay is missing on anodi[0] relative to clock(s) sys_clk_pin
Related violations: <none>

TIMING-18#4 Warning
Missing input or output delay  
An output delay is missing on anodi[1] relative to clock(s) sys_clk_pin
Related violations: <none>

TIMING-18#5 Warning
Missing input or output delay  
An output delay is missing on anodi[2] relative to clock(s) sys_clk_pin
Related violations: <none>

TIMING-18#6 Warning
Missing input or output delay  
An output delay is missing on anodi[3] relative to clock(s) sys_clk_pin
Related violations: <none>

TIMING-18#7 Warning
Missing input or output delay  
An output delay is missing on anodi[4] relative to clock(s) sys_clk_pin
Related violations: <none>

TIMING-18#8 Warning
Missing input or output delay  
An output delay is missing on anodi[5] relative to clock(s) sys_clk_pin
Related violations: <none>

TIMING-18#9 Warning
Missing input or output delay  
An output delay is missing on anodi[6] relative to clock(s) sys_clk_pin
Related violations: <none>

TIMING-18#10 Warning
Missing input or output delay  
An output delay is missing on anodi[7] relative to clock(s) sys_clk_pin
Related violations: <none>

TIMING-18#11 Warning
Missing input or output delay  
An output delay is missing on catodi[0] relative to clock(s) sys_clk_pin
Related violations: <none>

TIMING-18#12 Warning
Missing input or output delay  
An output delay is missing on catodi[1] relative to clock(s) sys_clk_pin
Related violations: <none>

TIMING-18#13 Warning
Missing input or output delay  
An output delay is missing on catodi[2] relative to clock(s) sys_clk_pin
Related violations: <none>

TIMING-18#14 Warning
Missing input or output delay  
An output delay is missing on catodi[3] relative to clock(s) sys_clk_pin
Related violations: <none>

TIMING-18#15 Warning
Missing input or output delay  
An output delay is missing on catodi[4] relative to clock(s) sys_clk_pin
Related violations: <none>

TIMING-18#16 Warning
Missing input or output delay  
An output delay is missing on catodi[5] relative to clock(s) sys_clk_pin
Related violations: <none>

TIMING-18#17 Warning
Missing input or output delay  
An output delay is missing on catodi[6] relative to clock(s) sys_clk_pin
Related violations: <none>

TIMING-18#18 Warning
Missing input or output delay  
An output delay is missing on catodi[7] relative to clock(s) sys_clk_pin
Related violations: <none>

TIMING-20#1 Warning
Non-clocked latch  
The latch Cron/funzione_set/FSM_onehot_stato_prossimo_reg[0] cannot be properly analyzed as its control pin Cron/funzione_set/FSM_onehot_stato_prossimo_reg[0]/G is not reached by a timing clock
Related violations: <none>

TIMING-20#2 Warning
Non-clocked latch  
The latch Cron/funzione_set/FSM_onehot_stato_prossimo_reg[1] cannot be properly analyzed as its control pin Cron/funzione_set/FSM_onehot_stato_prossimo_reg[1]/G is not reached by a timing clock
Related violations: <none>

TIMING-20#3 Warning
Non-clocked latch  
The latch Cron/funzione_set/FSM_onehot_stato_prossimo_reg[2] cannot be properly analyzed as its control pin Cron/funzione_set/FSM_onehot_stato_prossimo_reg[2]/G is not reached by a timing clock
Related violations: <none>

TIMING-20#4 Warning
Non-clocked latch  
The latch Cron/funzione_set/stato_uscita.bottone_premuto_reg cannot be properly analyzed as its control pin Cron/funzione_set/stato_uscita.bottone_premuto_reg/G is not reached by a timing clock
Related violations: <none>

TIMING-20#5 Warning
Non-clocked latch  
The latch Cron/funzione_set/temp_set_out_reg cannot be properly analyzed as its control pin Cron/funzione_set/temp_set_out_reg/G is not reached by a timing clock
Related violations: <none>

TIMING-20#6 Warning
Non-clocked latch  
The latch Cron/funzione_set/temp_v_set_h_reg[0] cannot be properly analyzed as its control pin Cron/funzione_set/temp_v_set_h_reg[0]/G is not reached by a timing clock
Related violations: <none>

TIMING-20#7 Warning
Non-clocked latch  
The latch Cron/funzione_set/temp_v_set_h_reg[1] cannot be properly analyzed as its control pin Cron/funzione_set/temp_v_set_h_reg[1]/G is not reached by a timing clock
Related violations: <none>

TIMING-20#8 Warning
Non-clocked latch  
The latch Cron/funzione_set/temp_v_set_h_reg[2] cannot be properly analyzed as its control pin Cron/funzione_set/temp_v_set_h_reg[2]/G is not reached by a timing clock
Related violations: <none>

TIMING-20#9 Warning
Non-clocked latch  
The latch Cron/funzione_set/temp_v_set_h_reg[3] cannot be properly analyzed as its control pin Cron/funzione_set/temp_v_set_h_reg[3]/G is not reached by a timing clock
Related violations: <none>

TIMING-20#10 Warning
Non-clocked latch  
The latch Cron/funzione_set/temp_v_set_h_reg[4] cannot be properly analyzed as its control pin Cron/funzione_set/temp_v_set_h_reg[4]/G is not reached by a timing clock
Related violations: <none>

TIMING-20#11 Warning
Non-clocked latch  
The latch Cron/funzione_set/temp_v_set_m_reg[0] cannot be properly analyzed as its control pin Cron/funzione_set/temp_v_set_m_reg[0]/G is not reached by a timing clock
Related violations: <none>

TIMING-20#12 Warning
Non-clocked latch  
The latch Cron/funzione_set/temp_v_set_m_reg[1] cannot be properly analyzed as its control pin Cron/funzione_set/temp_v_set_m_reg[1]/G is not reached by a timing clock
Related violations: <none>

TIMING-20#13 Warning
Non-clocked latch  
The latch Cron/funzione_set/temp_v_set_m_reg[2] cannot be properly analyzed as its control pin Cron/funzione_set/temp_v_set_m_reg[2]/G is not reached by a timing clock
Related violations: <none>

TIMING-20#14 Warning
Non-clocked latch  
The latch Cron/funzione_set/temp_v_set_m_reg[3] cannot be properly analyzed as its control pin Cron/funzione_set/temp_v_set_m_reg[3]/G is not reached by a timing clock
Related violations: <none>

TIMING-20#15 Warning
Non-clocked latch  
The latch Cron/funzione_set/temp_v_set_m_reg[4] cannot be properly analyzed as its control pin Cron/funzione_set/temp_v_set_m_reg[4]/G is not reached by a timing clock
Related violations: <none>

TIMING-20#16 Warning
Non-clocked latch  
The latch Cron/funzione_set/temp_v_set_m_reg[5] cannot be properly analyzed as its control pin Cron/funzione_set/temp_v_set_m_reg[5]/G is not reached by a timing clock
Related violations: <none>

TIMING-20#17 Warning
Non-clocked latch  
The latch Cron/funzione_set/temp_v_set_s_reg[0] cannot be properly analyzed as its control pin Cron/funzione_set/temp_v_set_s_reg[0]/G is not reached by a timing clock
Related violations: <none>

TIMING-20#18 Warning
Non-clocked latch  
The latch Cron/funzione_set/temp_v_set_s_reg[1] cannot be properly analyzed as its control pin Cron/funzione_set/temp_v_set_s_reg[1]/G is not reached by a timing clock
Related violations: <none>

TIMING-20#19 Warning
Non-clocked latch  
The latch Cron/funzione_set/temp_v_set_s_reg[2] cannot be properly analyzed as its control pin Cron/funzione_set/temp_v_set_s_reg[2]/G is not reached by a timing clock
Related violations: <none>

TIMING-20#20 Warning
Non-clocked latch  
The latch Cron/funzione_set/temp_v_set_s_reg[3] cannot be properly analyzed as its control pin Cron/funzione_set/temp_v_set_s_reg[3]/G is not reached by a timing clock
Related violations: <none>

TIMING-20#21 Warning
Non-clocked latch  
The latch Cron/funzione_set/temp_v_set_s_reg[4] cannot be properly analyzed as its control pin Cron/funzione_set/temp_v_set_s_reg[4]/G is not reached by a timing clock
Related violations: <none>

TIMING-20#22 Warning
Non-clocked latch  
The latch Cron/funzione_set/temp_v_set_s_reg[5] cannot be properly analyzed as its control pin Cron/funzione_set/temp_v_set_s_reg[5]/G is not reached by a timing clock
Related violations: <none>

LATCH-1#1 Advisory
Existing latches in the design  
There are 22 latches found in the design. Inferred latches are often the result of HDL coding mistakes, such as incomplete if or case statements.
Related violations: <none>


