
*** Running vivado
    with args -log Multiplier_on_board.vds -m64 -product Vivado -mode batch -messageDb vivado.pb -notrace -source Multiplier_on_board.tcl



****** Vivado v2022.1 (64-bit)
  **** SW Build 3526262 on Mon Apr 18 15:48:16 MDT 2022
  **** IP Build 3524634 on Mon Apr 18 20:55:01 MDT 2022
    ** Copyright 1986-2022 Xilinx, Inc. All Rights Reserved.

source Multiplier_on_board.tcl -notrace
create_project: Time (s): cpu = 00:00:07 ; elapsed = 00:00:07 . Memory (MB): peak = 1275.465 ; gain = 24.832
Command: read_checkpoint -auto_incremental -incremental D:/Xilinx/Progetti_Xilinx/11_Robertson/11_Robertson.srcs/utils_1/imports/synth_1/Multiplier_on_board.dcp
INFO: [Vivado 12-5825] Read reference checkpoint from D:/Xilinx/Progetti_Xilinx/11_Robertson/11_Robertson.srcs/utils_1/imports/synth_1/Multiplier_on_board.dcp for incremental synthesis
INFO: [Vivado 12-7989] Please ensure there are no constraint changes
Command: synth_design -top Multiplier_on_board -part xc7a50ticsg324-1L
Starting synth_design
Attempting to get a license for feature 'Synthesis' and/or device 'xc7a50ti'
INFO: [Common 17-349] Got license for feature 'Synthesis' and/or device 'xc7a50ti'
INFO: [Device 21-403] Loading part xc7a50ticsg324-1L
INFO: [Designutils 20-5440] No compile time benefit to using incremental synthesis; A full resynthesis will be run
INFO: [Designutils 20-4379] Flow is switching to default flow due to incremental criteria not met. If you would like to alter this behaviour and have the flow terminate instead, please set the following parameter config_implementation {autoIncr.Synth.RejectBehavior Terminate}
INFO: [Synth 8-7079] Multithreading enabled for synth_design using a maximum of 2 processes.
INFO: [Synth 8-7078] Launching helper process for spawning children vivado processes
INFO: [Synth 8-7075] Helper process launched with PID 17124
---------------------------------------------------------------------------------
Starting RTL Elaboration : Time (s): cpu = 00:00:06 ; elapsed = 00:00:06 . Memory (MB): peak = 1275.465 ; gain = 0.000
---------------------------------------------------------------------------------
WARNING: [Synth 8-9112] actual for formal port 'reset' is neither a static name nor a globally static expression [D:/Xilinx/Progetti_Xilinx/11_Robertson/11_Robertson.srcs/sources_1/new/Booth_multiplier.vhd:87]
WARNING: [Synth 8-9112] actual for formal port 'reset' is neither a static name nor a globally static expression [D:/Xilinx/Progetti_Xilinx/11_Robertson/11_Robertson.srcs/sources_1/new/Booth_multiplier.vhd:94]
WARNING: [Synth 8-9112] actual for formal port 'reset' is neither a static name nor a globally static expression [D:/Xilinx/Progetti_Xilinx/11_Robertson/11_Robertson.srcs/sources_1/new/Booth_multiplier.vhd:104]
WARNING: [Synth 8-9112] actual for formal port 'reset' is neither a static name nor a globally static expression [D:/Xilinx/Progetti_Xilinx/11_Robertson/11_Robertson.srcs/sources_1/new/Booth_multiplier.vhd:115]
WARNING: [Synth 8-9112] actual for formal port 'reset' is neither a static name nor a globally static expression [D:/Xilinx/Progetti_Xilinx/11_Robertson/11_Robertson.srcs/sources_1/new/Booth_multiplier.vhd:126]
INFO: [Synth 8-638] synthesizing module 'Multiplier_on_board' [D:/Xilinx/Progetti_Xilinx/11_Robertson/11_Robertson.srcs/sources_1/new/Multiplier_on_board.vhd:44]
INFO: [Synth 8-638] synthesizing module 'Booth_multiplier' [D:/Xilinx/Progetti_Xilinx/11_Robertson/11_Robertson.srcs/sources_1/new/Booth_multiplier.vhd:44]
INFO: [Synth 8-638] synthesizing module 'control_unit' [D:/Xilinx/Progetti_Xilinx/11_Robertson/11_Robertson.srcs/sources_1/new/control_unit.vhd:52]
WARNING: [Synth 8-614] signal 'q_0' is read in the process but is not in the sensitivity list [D:/Xilinx/Progetti_Xilinx/11_Robertson/11_Robertson.srcs/sources_1/new/control_unit.vhd:72]
WARNING: [Synth 8-614] signal 'q_meno1' is read in the process but is not in the sensitivity list [D:/Xilinx/Progetti_Xilinx/11_Robertson/11_Robertson.srcs/sources_1/new/control_unit.vhd:72]
WARNING: [Synth 8-614] signal 'counter' is read in the process but is not in the sensitivity list [D:/Xilinx/Progetti_Xilinx/11_Robertson/11_Robertson.srcs/sources_1/new/control_unit.vhd:72]
INFO: [Synth 8-256] done synthesizing module 'control_unit' (0#1) [D:/Xilinx/Progetti_Xilinx/11_Robertson/11_Robertson.srcs/sources_1/new/control_unit.vhd:52]
INFO: [Synth 8-638] synthesizing module 'counter_mod8' [D:/Xilinx/Progetti_Xilinx/11_Robertson/11_Robertson.srcs/sources_1/new/counter_8.vhd:42]
INFO: [Synth 8-256] done synthesizing module 'counter_mod8' (0#1) [D:/Xilinx/Progetti_Xilinx/11_Robertson/11_Robertson.srcs/sources_1/new/counter_8.vhd:42]
INFO: [Synth 8-638] synthesizing module 'register_8' [D:/Xilinx/Progetti_Xilinx/11_Robertson/11_Robertson.srcs/sources_1/new/8bit_register.vhd:49]
INFO: [Synth 8-256] done synthesizing module 'register_8' (0#1) [D:/Xilinx/Progetti_Xilinx/11_Robertson/11_Robertson.srcs/sources_1/new/8bit_register.vhd:49]
INFO: [Synth 8-638] synthesizing module 'register_1' [D:/Xilinx/Progetti_Xilinx/11_Robertson/11_Robertson.srcs/sources_1/new/1bit_register.vhd:43]
INFO: [Synth 8-256] done synthesizing module 'register_1' (0#1) [D:/Xilinx/Progetti_Xilinx/11_Robertson/11_Robertson.srcs/sources_1/new/1bit_register.vhd:43]
INFO: [Synth 8-638] synthesizing module 'adder_sub' [D:/Xilinx/Progetti_Xilinx/11_Robertson/11_Robertson.srcs/sources_1/new/adder_sub.vhd:11]
INFO: [Synth 8-3491] module 'ripple_carry' declared at 'D:/Xilinx/Progetti_Xilinx/11_Robertson/11_Robertson.srcs/sources_1/new/ripple_carry.vhd:4' bound to instance 'RA' of component 'ripple_carry' [D:/Xilinx/Progetti_Xilinx/11_Robertson/11_Robertson.srcs/sources_1/new/adder_sub.vhd:27]
INFO: [Synth 8-638] synthesizing module 'ripple_carry' [D:/Xilinx/Progetti_Xilinx/11_Robertson/11_Robertson.srcs/sources_1/new/ripple_carry.vhd:11]
INFO: [Synth 8-3491] module 'full_adder' declared at 'D:/Xilinx/Progetti_Xilinx/11_Robertson/11_Robertson.srcs/sources_1/new/full_adder.vhd:4' bound to instance 'RA0' of component 'full_adder' [D:/Xilinx/Progetti_Xilinx/11_Robertson/11_Robertson.srcs/sources_1/new/ripple_carry.vhd:23]
INFO: [Synth 8-638] synthesizing module 'full_adder' [D:/Xilinx/Progetti_Xilinx/11_Robertson/11_Robertson.srcs/sources_1/new/full_adder.vhd:12]
INFO: [Synth 8-256] done synthesizing module 'full_adder' (0#1) [D:/Xilinx/Progetti_Xilinx/11_Robertson/11_Robertson.srcs/sources_1/new/full_adder.vhd:12]
INFO: [Synth 8-3491] module 'full_adder' declared at 'D:/Xilinx/Progetti_Xilinx/11_Robertson/11_Robertson.srcs/sources_1/new/full_adder.vhd:4' bound to instance 'RA' of component 'full_adder' [D:/Xilinx/Progetti_Xilinx/11_Robertson/11_Robertson.srcs/sources_1/new/ripple_carry.vhd:26]
INFO: [Synth 8-3491] module 'full_adder' declared at 'D:/Xilinx/Progetti_Xilinx/11_Robertson/11_Robertson.srcs/sources_1/new/full_adder.vhd:4' bound to instance 'RA' of component 'full_adder' [D:/Xilinx/Progetti_Xilinx/11_Robertson/11_Robertson.srcs/sources_1/new/ripple_carry.vhd:26]
INFO: [Synth 8-3491] module 'full_adder' declared at 'D:/Xilinx/Progetti_Xilinx/11_Robertson/11_Robertson.srcs/sources_1/new/full_adder.vhd:4' bound to instance 'RA' of component 'full_adder' [D:/Xilinx/Progetti_Xilinx/11_Robertson/11_Robertson.srcs/sources_1/new/ripple_carry.vhd:26]
INFO: [Synth 8-3491] module 'full_adder' declared at 'D:/Xilinx/Progetti_Xilinx/11_Robertson/11_Robertson.srcs/sources_1/new/full_adder.vhd:4' bound to instance 'RA' of component 'full_adder' [D:/Xilinx/Progetti_Xilinx/11_Robertson/11_Robertson.srcs/sources_1/new/ripple_carry.vhd:26]
INFO: [Synth 8-3491] module 'full_adder' declared at 'D:/Xilinx/Progetti_Xilinx/11_Robertson/11_Robertson.srcs/sources_1/new/full_adder.vhd:4' bound to instance 'RA' of component 'full_adder' [D:/Xilinx/Progetti_Xilinx/11_Robertson/11_Robertson.srcs/sources_1/new/ripple_carry.vhd:26]
INFO: [Synth 8-3491] module 'full_adder' declared at 'D:/Xilinx/Progetti_Xilinx/11_Robertson/11_Robertson.srcs/sources_1/new/full_adder.vhd:4' bound to instance 'RA' of component 'full_adder' [D:/Xilinx/Progetti_Xilinx/11_Robertson/11_Robertson.srcs/sources_1/new/ripple_carry.vhd:26]
INFO: [Synth 8-3491] module 'full_adder' declared at 'D:/Xilinx/Progetti_Xilinx/11_Robertson/11_Robertson.srcs/sources_1/new/full_adder.vhd:4' bound to instance 'RA7' of component 'full_adder' [D:/Xilinx/Progetti_Xilinx/11_Robertson/11_Robertson.srcs/sources_1/new/ripple_carry.vhd:29]
INFO: [Synth 8-256] done synthesizing module 'ripple_carry' (0#1) [D:/Xilinx/Progetti_Xilinx/11_Robertson/11_Robertson.srcs/sources_1/new/ripple_carry.vhd:11]
INFO: [Synth 8-256] done synthesizing module 'adder_sub' (0#1) [D:/Xilinx/Progetti_Xilinx/11_Robertson/11_Robertson.srcs/sources_1/new/adder_sub.vhd:11]
INFO: [Synth 8-256] done synthesizing module 'Booth_multiplier' (0#1) [D:/Xilinx/Progetti_Xilinx/11_Robertson/11_Robertson.srcs/sources_1/new/Booth_multiplier.vhd:44]
INFO: [Synth 8-638] synthesizing module 'ButtonDebouncer' [D:/Xilinx/Progetti_Xilinx/11_Robertson/11_Robertson.srcs/sources_1/new/ButtonDebouncer.vhd:46]
INFO: [Synth 8-226] default block is never used [D:/Xilinx/Progetti_Xilinx/11_Robertson/11_Robertson.srcs/sources_1/new/ButtonDebouncer.vhd:63]
INFO: [Synth 8-256] done synthesizing module 'ButtonDebouncer' (0#1) [D:/Xilinx/Progetti_Xilinx/11_Robertson/11_Robertson.srcs/sources_1/new/ButtonDebouncer.vhd:46]
INFO: [Synth 8-256] done synthesizing module 'Multiplier_on_board' (0#1) [D:/Xilinx/Progetti_Xilinx/11_Robertson/11_Robertson.srcs/sources_1/new/Multiplier_on_board.vhd:44]
---------------------------------------------------------------------------------
Finished RTL Elaboration : Time (s): cpu = 00:00:08 ; elapsed = 00:00:09 . Memory (MB): peak = 1275.465 ; gain = 0.000
---------------------------------------------------------------------------------
---------------------------------------------------------------------------------
Start Handling Custom Attributes
---------------------------------------------------------------------------------
---------------------------------------------------------------------------------
Finished Handling Custom Attributes : Time (s): cpu = 00:00:08 ; elapsed = 00:00:09 . Memory (MB): peak = 1275.465 ; gain = 0.000
---------------------------------------------------------------------------------
---------------------------------------------------------------------------------
Finished RTL Optimization Phase 1 : Time (s): cpu = 00:00:08 ; elapsed = 00:00:09 . Memory (MB): peak = 1275.465 ; gain = 0.000
---------------------------------------------------------------------------------
Netlist sorting complete. Time (s): cpu = 00:00:00 ; elapsed = 00:00:00.004 . Memory (MB): peak = 1275.465 ; gain = 0.000
INFO: [Project 1-570] Preparing netlist for logic optimization

Processing XDC Constraints
Initializing timing engine
Parsing XDC File [D:/Xilinx/Progetti_Xilinx/11_Robertson/11_Robertson.srcs/constrs_1/new/scheda.xdc]
Finished Parsing XDC File [D:/Xilinx/Progetti_Xilinx/11_Robertson/11_Robertson.srcs/constrs_1/new/scheda.xdc]
INFO: [Project 1-236] Implementation specific constraints were found while reading constraint file [D:/Xilinx/Progetti_Xilinx/11_Robertson/11_Robertson.srcs/constrs_1/new/scheda.xdc]. These constraints will be ignored for synthesis but will be used in implementation. Impacted constraints are listed in the file [.Xil/Multiplier_on_board_propImpl.xdc].
Resolution: To avoid this warning, move constraints listed in [.Xil/Multiplier_on_board_propImpl.xdc] to another XDC file and exclude this new file from synthesis with the used_in_synthesis property (File Properties dialog in GUI) and re-run elaboration/synthesis.
Completed Processing XDC Constraints

Netlist sorting complete. Time (s): cpu = 00:00:00 ; elapsed = 00:00:00 . Memory (MB): peak = 1320.727 ; gain = 0.000
INFO: [Project 1-111] Unisim Transformation Summary:
No Unisim elements were transformed.

Constraint Validation Runtime : Time (s): cpu = 00:00:00 ; elapsed = 00:00:00.003 . Memory (MB): peak = 1320.727 ; gain = 0.000
INFO: [Designutils 20-5440] No compile time benefit to using incremental synthesis; A full resynthesis will be run
INFO: [Designutils 20-4379] Flow is switching to default flow due to incremental criteria not met. If you would like to alter this behaviour and have the flow terminate instead, please set the following parameter config_implementation {autoIncr.Synth.RejectBehavior Terminate}
---------------------------------------------------------------------------------
Finished Constraint Validation : Time (s): cpu = 00:00:17 ; elapsed = 00:00:18 . Memory (MB): peak = 1320.727 ; gain = 45.262
---------------------------------------------------------------------------------
---------------------------------------------------------------------------------
Start Loading Part and Timing Information
---------------------------------------------------------------------------------
Loading part: xc7a50ticsg324-1L
---------------------------------------------------------------------------------
Finished Loading Part and Timing Information : Time (s): cpu = 00:00:17 ; elapsed = 00:00:18 . Memory (MB): peak = 1320.727 ; gain = 45.262
---------------------------------------------------------------------------------
---------------------------------------------------------------------------------
Start Applying 'set_property' XDC Constraints
---------------------------------------------------------------------------------
---------------------------------------------------------------------------------
Finished applying 'set_property' XDC Constraints : Time (s): cpu = 00:00:17 ; elapsed = 00:00:18 . Memory (MB): peak = 1320.727 ; gain = 45.262
---------------------------------------------------------------------------------
INFO: [Synth 8-802] inferred FSM for state register 'curr_state_reg' in module 'control_unit'
INFO: [Synth 8-802] inferred FSM for state register 'btn_state_reg' in module 'ButtonDebouncer'
---------------------------------------------------------------------------------------------------
                   State |                     New Encoding |                Previous Encoding 
---------------------------------------------------------------------------------------------------
                    idle |                            00001 |                              000
                prelievo |                            00010 |                              001
                  inizio |                            00100 |                              010
              operazione |                            01000 |                              011
                   shift |                            10000 |                              100
---------------------------------------------------------------------------------------------------
INFO: [Synth 8-3354] encoded FSM with state register 'curr_state_reg' using encoding 'one-hot' in module 'control_unit'
---------------------------------------------------------------------------------------------------
                   State |                     New Encoding |                Previous Encoding 
---------------------------------------------------------------------------------------------------
             non_premuto |                               00 |                               00
     controllo_pressione |                               01 |                               01
                 premuto |                               10 |                               10
      controllo_rilascio |                               11 |                               11
---------------------------------------------------------------------------------------------------
INFO: [Synth 8-3354] encoded FSM with state register 'btn_state_reg' using encoding 'sequential' in module 'ButtonDebouncer'
---------------------------------------------------------------------------------
Finished RTL Optimization Phase 2 : Time (s): cpu = 00:00:17 ; elapsed = 00:00:19 . Memory (MB): peak = 1320.727 ; gain = 45.262
---------------------------------------------------------------------------------
---------------------------------------------------------------------------------
Start RTL Component Statistics 
---------------------------------------------------------------------------------
Detailed RTL Component Info : 
+---Adders : 
	   2 Input   32 Bit       Adders := 1     
	   2 Input    3 Bit       Adders := 1     
+---XORs : 
	   2 Input      1 Bit         XORs := 24    
+---Registers : 
	               32 Bit    Registers := 1     
	                8 Bit    Registers := 3     
	                3 Bit    Registers := 1     
	                1 Bit    Registers := 2     
+---Muxes : 
	   4 Input   32 Bit        Muxes := 1     
	   2 Input    8 Bit        Muxes := 3     
	   5 Input    5 Bit        Muxes := 1     
	   2 Input    5 Bit        Muxes := 2     
	   4 Input    2 Bit        Muxes := 1     
	   2 Input    2 Bit        Muxes := 4     
	   2 Input    1 Bit        Muxes := 4     
	   5 Input    1 Bit        Muxes := 4     
	   4 Input    1 Bit        Muxes := 4     
---------------------------------------------------------------------------------
Finished RTL Component Statistics 
---------------------------------------------------------------------------------
---------------------------------------------------------------------------------
Start Part Resource Summary
---------------------------------------------------------------------------------
Part Resources:
DSPs: 120 (col length:60)
BRAMs: 150 (col length: RAMB18 60 RAMB36 30)
---------------------------------------------------------------------------------
Finished Part Resource Summary
---------------------------------------------------------------------------------
---------------------------------------------------------------------------------
Start Cross Boundary and Area Optimization
---------------------------------------------------------------------------------
WARNING: [Synth 8-7080] Parallel synthesis criteria is not met
---------------------------------------------------------------------------------
Finished Cross Boundary and Area Optimization : Time (s): cpu = 00:00:20 ; elapsed = 00:00:22 . Memory (MB): peak = 1320.727 ; gain = 45.262
---------------------------------------------------------------------------------
---------------------------------------------------------------------------------
Start Applying XDC Timing Constraints
---------------------------------------------------------------------------------
---------------------------------------------------------------------------------
Finished Applying XDC Timing Constraints : Time (s): cpu = 00:00:26 ; elapsed = 00:00:29 . Memory (MB): peak = 1320.727 ; gain = 45.262
---------------------------------------------------------------------------------
---------------------------------------------------------------------------------
Start Timing Optimization
---------------------------------------------------------------------------------
---------------------------------------------------------------------------------
Finished Timing Optimization : Time (s): cpu = 00:00:26 ; elapsed = 00:00:30 . Memory (MB): peak = 1320.727 ; gain = 45.262
---------------------------------------------------------------------------------
---------------------------------------------------------------------------------
Start Technology Mapping
---------------------------------------------------------------------------------
---------------------------------------------------------------------------------
Finished Technology Mapping : Time (s): cpu = 00:00:26 ; elapsed = 00:00:30 . Memory (MB): peak = 1320.727 ; gain = 45.262
---------------------------------------------------------------------------------
---------------------------------------------------------------------------------
Start IO Insertion
---------------------------------------------------------------------------------
---------------------------------------------------------------------------------
Start Flattening Before IO Insertion
---------------------------------------------------------------------------------
---------------------------------------------------------------------------------
Finished Flattening Before IO Insertion
---------------------------------------------------------------------------------
---------------------------------------------------------------------------------
Start Final Netlist Cleanup
---------------------------------------------------------------------------------
---------------------------------------------------------------------------------
Finished Final Netlist Cleanup
---------------------------------------------------------------------------------
---------------------------------------------------------------------------------
Finished IO Insertion : Time (s): cpu = 00:00:32 ; elapsed = 00:00:36 . Memory (MB): peak = 1320.727 ; gain = 45.262
---------------------------------------------------------------------------------
---------------------------------------------------------------------------------
Start Renaming Generated Instances
---------------------------------------------------------------------------------
---------------------------------------------------------------------------------
Finished Renaming Generated Instances : Time (s): cpu = 00:00:32 ; elapsed = 00:00:36 . Memory (MB): peak = 1320.727 ; gain = 45.262
---------------------------------------------------------------------------------
---------------------------------------------------------------------------------
Start Rebuilding User Hierarchy
---------------------------------------------------------------------------------
---------------------------------------------------------------------------------
Finished Rebuilding User Hierarchy : Time (s): cpu = 00:00:32 ; elapsed = 00:00:36 . Memory (MB): peak = 1320.727 ; gain = 45.262
---------------------------------------------------------------------------------
---------------------------------------------------------------------------------
Start Renaming Generated Ports
---------------------------------------------------------------------------------
---------------------------------------------------------------------------------
Finished Renaming Generated Ports : Time (s): cpu = 00:00:32 ; elapsed = 00:00:36 . Memory (MB): peak = 1320.727 ; gain = 45.262
---------------------------------------------------------------------------------
---------------------------------------------------------------------------------
Start Handling Custom Attributes
---------------------------------------------------------------------------------
---------------------------------------------------------------------------------
Finished Handling Custom Attributes : Time (s): cpu = 00:00:32 ; elapsed = 00:00:36 . Memory (MB): peak = 1320.727 ; gain = 45.262
---------------------------------------------------------------------------------
---------------------------------------------------------------------------------
Start Renaming Generated Nets
---------------------------------------------------------------------------------
---------------------------------------------------------------------------------
Finished Renaming Generated Nets : Time (s): cpu = 00:00:32 ; elapsed = 00:00:36 . Memory (MB): peak = 1320.727 ; gain = 45.262
---------------------------------------------------------------------------------
---------------------------------------------------------------------------------
Start Writing Synthesis Report
---------------------------------------------------------------------------------

Report BlackBoxes: 
+-+--------------+----------+
| |BlackBox name |Instances |
+-+--------------+----------+
+-+--------------+----------+

Report Cell Usage: 
+------+-------+------+
|      |Cell   |Count |
+------+-------+------+
|1     |BUFG   |     1|
|2     |CARRY4 |     8|
|3     |LUT2   |     3|
|4     |LUT3   |    11|
|5     |LUT4   |    41|
|6     |LUT5   |    11|
|7     |LUT6   |    21|
|8     |FDRE   |    67|
|9     |FDSE   |     1|
|10    |IBUF   |    19|
|11    |OBUF   |    16|
+------+-------+------+
---------------------------------------------------------------------------------
Finished Writing Synthesis Report : Time (s): cpu = 00:00:32 ; elapsed = 00:00:36 . Memory (MB): peak = 1320.727 ; gain = 45.262
---------------------------------------------------------------------------------
Synthesis finished with 0 errors, 0 critical warnings and 1 warnings.
Synthesis Optimization Runtime : Time (s): cpu = 00:00:22 ; elapsed = 00:00:34 . Memory (MB): peak = 1320.727 ; gain = 0.000
Synthesis Optimization Complete : Time (s): cpu = 00:00:32 ; elapsed = 00:00:36 . Memory (MB): peak = 1320.727 ; gain = 45.262
INFO: [Project 1-571] Translating synthesized netlist
Netlist sorting complete. Time (s): cpu = 00:00:00 ; elapsed = 00:00:00.002 . Memory (MB): peak = 1320.727 ; gain = 0.000
INFO: [Netlist 29-17] Analyzing 8 Unisim elements for replacement
INFO: [Netlist 29-28] Unisim Transformation completed in 0 CPU seconds
INFO: [Project 1-570] Preparing netlist for logic optimization
INFO: [Opt 31-138] Pushed 0 inverter(s) to 0 load pin(s).
Netlist sorting complete. Time (s): cpu = 00:00:00 ; elapsed = 00:00:00 . Memory (MB): peak = 1320.727 ; gain = 0.000
INFO: [Project 1-111] Unisim Transformation Summary:
No Unisim elements were transformed.

Synth Design complete, checksum: 6c96db5b
INFO: [Common 17-83] Releasing license: Synthesis
55 Infos, 9 Warnings, 0 Critical Warnings and 0 Errors encountered.
synth_design completed successfully
synth_design: Time (s): cpu = 00:00:37 ; elapsed = 00:00:43 . Memory (MB): peak = 1320.727 ; gain = 45.262
INFO: [Common 17-1381] The checkpoint 'D:/Xilinx/Progetti_Xilinx/11_Robertson/11_Robertson.runs/synth_1/Multiplier_on_board.dcp' has been generated.
INFO: [runtcl-4] Executing : report_utilization -file Multiplier_on_board_utilization_synth.rpt -pb Multiplier_on_board_utilization_synth.pb
INFO: [Common 17-206] Exiting Vivado at Thu Jan  5 11:36:12 2023...
