
*** Running vivado
    with args -log encoder_con_display.vds -m64 -product Vivado -mode batch -messageDb vivado.pb -notrace -source encoder_con_display.tcl



****** Vivado v2022.1 (64-bit)
  **** SW Build 3526262 on Mon Apr 18 15:48:16 MDT 2022
  **** IP Build 3524634 on Mon Apr 18 20:55:01 MDT 2022
    ** Copyright 1986-2022 Xilinx, Inc. All Rights Reserved.

source encoder_con_display.tcl -notrace
Command: read_checkpoint -auto_incremental -incremental E:/progetti/2_Encoder_BCD/2_Encoder_BCD/2_Encoder_BCD.srcs/utils_1/imports/synth_1/Encoder_BCD.dcp
INFO: [Vivado 12-5825] Read reference checkpoint from E:/progetti/2_Encoder_BCD/2_Encoder_BCD/2_Encoder_BCD.srcs/utils_1/imports/synth_1/Encoder_BCD.dcp for incremental synthesis
INFO: [Vivado 12-7989] Please ensure there are no constraint changes
Command: synth_design -top encoder_con_display -part xc7a50ticsg324-1L
Starting synth_design
Attempting to get a license for feature 'Synthesis' and/or device 'xc7a50ti'
INFO: [Common 17-349] Got license for feature 'Synthesis' and/or device 'xc7a50ti'
INFO: [Device 21-403] Loading part xc7a50ticsg324-1L
INFO: [Designutils 20-5440] No compile time benefit to using incremental synthesis; A full resynthesis will be run
INFO: [Designutils 20-4379] Flow is switching to default flow due to incremental criteria not met. If you would like to alter this behaviour and have the flow terminate instead, please set the following parameter config_implementation {autoIncr.Synth.RejectBehavior Terminate}
INFO: [Synth 8-7079] Multithreading enabled for synth_design using a maximum of 2 processes.
INFO: [Synth 8-7078] Launching helper process for spawning children vivado processes
INFO: [Synth 8-7075] Helper process launched with PID 1364
---------------------------------------------------------------------------------
Starting RTL Elaboration : Time (s): cpu = 00:00:05 ; elapsed = 00:00:05 . Memory (MB): peak = 1278.742 ; gain = 0.000
---------------------------------------------------------------------------------
INFO: [Synth 8-638] synthesizing module 'encoder_con_display' [E:/progetti/2_Encoder_BCD/2_Encoder_BCD/2_Encoder_BCD.srcs/sources_1/new/encoder_con_display.vhd:43]
INFO: [Synth 8-3491] module 'display' declared at 'E:/progetti/2_Encoder_BCD/2_Encoder_BCD/2_Encoder_BCD.srcs/sources_1/new/display.vhd:34' bound to instance 'display_0' of component 'display' [E:/progetti/2_Encoder_BCD/2_Encoder_BCD/2_Encoder_BCD.srcs/sources_1/new/encoder_con_display.vhd:65]
INFO: [Synth 8-638] synthesizing module 'display' [E:/progetti/2_Encoder_BCD/2_Encoder_BCD/2_Encoder_BCD.srcs/sources_1/new/display.vhd:42]
INFO: [Synth 8-256] done synthesizing module 'display' (0#1) [E:/progetti/2_Encoder_BCD/2_Encoder_BCD/2_Encoder_BCD.srcs/sources_1/new/display.vhd:42]
INFO: [Synth 8-3491] module 'Encoder_BCD' declared at 'E:/progetti/2_Encoder_BCD/2_Encoder_BCD/2_Encoder_BCD.srcs/sources_1/new/Encoder_BCD.vhd:34' bound to instance 'encoder' of component 'Encoder_BCD' [E:/progetti/2_Encoder_BCD/2_Encoder_BCD/2_Encoder_BCD.srcs/sources_1/new/encoder_con_display.vhd:73]
INFO: [Synth 8-638] synthesizing module 'Encoder_BCD' [E:/progetti/2_Encoder_BCD/2_Encoder_BCD/2_Encoder_BCD.srcs/sources_1/new/Encoder_BCD.vhd:41]
INFO: [Synth 8-256] done synthesizing module 'Encoder_BCD' (0#1) [E:/progetti/2_Encoder_BCD/2_Encoder_BCD/2_Encoder_BCD.srcs/sources_1/new/Encoder_BCD.vhd:41]
INFO: [Synth 8-256] done synthesizing module 'encoder_con_display' (0#1) [E:/progetti/2_Encoder_BCD/2_Encoder_BCD/2_Encoder_BCD.srcs/sources_1/new/encoder_con_display.vhd:43]
---------------------------------------------------------------------------------
Finished RTL Elaboration : Time (s): cpu = 00:00:07 ; elapsed = 00:00:06 . Memory (MB): peak = 1278.742 ; gain = 0.000
---------------------------------------------------------------------------------
---------------------------------------------------------------------------------
Start Handling Custom Attributes
---------------------------------------------------------------------------------
---------------------------------------------------------------------------------
Finished Handling Custom Attributes : Time (s): cpu = 00:00:07 ; elapsed = 00:00:06 . Memory (MB): peak = 1278.742 ; gain = 0.000
---------------------------------------------------------------------------------
---------------------------------------------------------------------------------
Finished RTL Optimization Phase 1 : Time (s): cpu = 00:00:07 ; elapsed = 00:00:06 . Memory (MB): peak = 1278.742 ; gain = 0.000
---------------------------------------------------------------------------------
Netlist sorting complete. Time (s): cpu = 00:00:00 ; elapsed = 00:00:00.001 . Memory (MB): peak = 1278.742 ; gain = 0.000
INFO: [Project 1-570] Preparing netlist for logic optimization

Processing XDC Constraints
Initializing timing engine
Parsing XDC File [E:/progetti/2_Encoder_BCD/2_Encoder_BCD/2_Encoder_BCD.srcs/constrs_1/new/scheda.xdc]
Finished Parsing XDC File [E:/progetti/2_Encoder_BCD/2_Encoder_BCD/2_Encoder_BCD.srcs/constrs_1/new/scheda.xdc]
INFO: [Project 1-236] Implementation specific constraints were found while reading constraint file [E:/progetti/2_Encoder_BCD/2_Encoder_BCD/2_Encoder_BCD.srcs/constrs_1/new/scheda.xdc]. These constraints will be ignored for synthesis but will be used in implementation. Impacted constraints are listed in the file [.Xil/encoder_con_display_propImpl.xdc].
Resolution: To avoid this warning, move constraints listed in [.Xil/encoder_con_display_propImpl.xdc] to another XDC file and exclude this new file from synthesis with the used_in_synthesis property (File Properties dialog in GUI) and re-run elaboration/synthesis.
Completed Processing XDC Constraints

Netlist sorting complete. Time (s): cpu = 00:00:00 ; elapsed = 00:00:00 . Memory (MB): peak = 1300.832 ; gain = 0.000
INFO: [Project 1-111] Unisim Transformation Summary:
No Unisim elements were transformed.

Constraint Validation Runtime : Time (s): cpu = 00:00:00 ; elapsed = 00:00:00.002 . Memory (MB): peak = 1300.832 ; gain = 0.000
INFO: [Designutils 20-5440] No compile time benefit to using incremental synthesis; A full resynthesis will be run
INFO: [Designutils 20-4379] Flow is switching to default flow due to incremental criteria not met. If you would like to alter this behaviour and have the flow terminate instead, please set the following parameter config_implementation {autoIncr.Synth.RejectBehavior Terminate}
---------------------------------------------------------------------------------
Finished Constraint Validation : Time (s): cpu = 00:00:14 ; elapsed = 00:00:13 . Memory (MB): peak = 1300.832 ; gain = 22.090
---------------------------------------------------------------------------------
---------------------------------------------------------------------------------
Start Loading Part and Timing Information
---------------------------------------------------------------------------------
Loading part: xc7a50ticsg324-1L
---------------------------------------------------------------------------------
Finished Loading Part and Timing Information : Time (s): cpu = 00:00:14 ; elapsed = 00:00:13 . Memory (MB): peak = 1300.832 ; gain = 22.090
---------------------------------------------------------------------------------
---------------------------------------------------------------------------------
Start Applying 'set_property' XDC Constraints
---------------------------------------------------------------------------------
---------------------------------------------------------------------------------
Finished applying 'set_property' XDC Constraints : Time (s): cpu = 00:00:14 ; elapsed = 00:00:13 . Memory (MB): peak = 1300.832 ; gain = 22.090
---------------------------------------------------------------------------------
---------------------------------------------------------------------------------
Finished RTL Optimization Phase 2 : Time (s): cpu = 00:00:14 ; elapsed = 00:00:13 . Memory (MB): peak = 1300.832 ; gain = 22.090
---------------------------------------------------------------------------------
---------------------------------------------------------------------------------
Start RTL Component Statistics 
---------------------------------------------------------------------------------
Detailed RTL Component Info : 
+---Muxes : 
	   2 Input    7 Bit        Muxes := 1     
	   8 Input    7 Bit        Muxes := 1     
	   2 Input    5 Bit        Muxes := 2     
	  11 Input    4 Bit        Muxes := 1     
---------------------------------------------------------------------------------
Finished RTL Component Statistics 
---------------------------------------------------------------------------------
---------------------------------------------------------------------------------
Start Part Resource Summary
---------------------------------------------------------------------------------
Part Resources:
DSPs: 120 (col length:60)
BRAMs: 150 (col length: RAMB18 60 RAMB36 30)
---------------------------------------------------------------------------------
Finished Part Resource Summary
---------------------------------------------------------------------------------
---------------------------------------------------------------------------------
Start Cross Boundary and Area Optimization
---------------------------------------------------------------------------------
WARNING: [Synth 8-7080] Parallel synthesis criteria is not met
WARNING: [Synth 8-3917] design encoder_con_display has port anodi[7] driven by constant 0
WARNING: [Synth 8-3917] design encoder_con_display has port anodi[6] driven by constant 1
WARNING: [Synth 8-3917] design encoder_con_display has port anodi[5] driven by constant 1
WARNING: [Synth 8-3917] design encoder_con_display has port anodi[4] driven by constant 1
WARNING: [Synth 8-3917] design encoder_con_display has port anodi[3] driven by constant 1
WARNING: [Synth 8-3917] design encoder_con_display has port anodi[2] driven by constant 1
WARNING: [Synth 8-3917] design encoder_con_display has port anodi[1] driven by constant 1
WARNING: [Synth 8-3917] design encoder_con_display has port anodi[0] driven by constant 1
---------------------------------------------------------------------------------
Finished Cross Boundary and Area Optimization : Time (s): cpu = 00:00:16 ; elapsed = 00:00:15 . Memory (MB): peak = 1300.832 ; gain = 22.090
---------------------------------------------------------------------------------
---------------------------------------------------------------------------------
Start Applying XDC Timing Constraints
---------------------------------------------------------------------------------
---------------------------------------------------------------------------------
Finished Applying XDC Timing Constraints : Time (s): cpu = 00:00:22 ; elapsed = 00:00:20 . Memory (MB): peak = 1300.832 ; gain = 22.090
---------------------------------------------------------------------------------
---------------------------------------------------------------------------------
Start Timing Optimization
---------------------------------------------------------------------------------
---------------------------------------------------------------------------------
Finished Timing Optimization : Time (s): cpu = 00:00:22 ; elapsed = 00:00:20 . Memory (MB): peak = 1300.832 ; gain = 22.090
---------------------------------------------------------------------------------
---------------------------------------------------------------------------------
Start Technology Mapping
---------------------------------------------------------------------------------
---------------------------------------------------------------------------------
Finished Technology Mapping : Time (s): cpu = 00:00:22 ; elapsed = 00:00:20 . Memory (MB): peak = 1300.832 ; gain = 22.090
---------------------------------------------------------------------------------
---------------------------------------------------------------------------------
Start IO Insertion
---------------------------------------------------------------------------------
---------------------------------------------------------------------------------
Start Flattening Before IO Insertion
---------------------------------------------------------------------------------
---------------------------------------------------------------------------------
Finished Flattening Before IO Insertion
---------------------------------------------------------------------------------
---------------------------------------------------------------------------------
Start Final Netlist Cleanup
---------------------------------------------------------------------------------
---------------------------------------------------------------------------------
Finished Final Netlist Cleanup
---------------------------------------------------------------------------------
---------------------------------------------------------------------------------
Finished IO Insertion : Time (s): cpu = 00:00:28 ; elapsed = 00:00:25 . Memory (MB): peak = 1300.832 ; gain = 22.090
---------------------------------------------------------------------------------
---------------------------------------------------------------------------------
Start Renaming Generated Instances
---------------------------------------------------------------------------------
---------------------------------------------------------------------------------
Finished Renaming Generated Instances : Time (s): cpu = 00:00:28 ; elapsed = 00:00:25 . Memory (MB): peak = 1300.832 ; gain = 22.090
---------------------------------------------------------------------------------
---------------------------------------------------------------------------------
Start Rebuilding User Hierarchy
---------------------------------------------------------------------------------
---------------------------------------------------------------------------------
Finished Rebuilding User Hierarchy : Time (s): cpu = 00:00:28 ; elapsed = 00:00:25 . Memory (MB): peak = 1300.832 ; gain = 22.090
---------------------------------------------------------------------------------
---------------------------------------------------------------------------------
Start Renaming Generated Ports
---------------------------------------------------------------------------------
---------------------------------------------------------------------------------
Finished Renaming Generated Ports : Time (s): cpu = 00:00:28 ; elapsed = 00:00:25 . Memory (MB): peak = 1300.832 ; gain = 22.090
---------------------------------------------------------------------------------
---------------------------------------------------------------------------------
Start Handling Custom Attributes
---------------------------------------------------------------------------------
---------------------------------------------------------------------------------
Finished Handling Custom Attributes : Time (s): cpu = 00:00:28 ; elapsed = 00:00:25 . Memory (MB): peak = 1300.832 ; gain = 22.090
---------------------------------------------------------------------------------
---------------------------------------------------------------------------------
Start Renaming Generated Nets
---------------------------------------------------------------------------------
---------------------------------------------------------------------------------
Finished Renaming Generated Nets : Time (s): cpu = 00:00:28 ; elapsed = 00:00:25 . Memory (MB): peak = 1300.832 ; gain = 22.090
---------------------------------------------------------------------------------
---------------------------------------------------------------------------------
Start Writing Synthesis Report
---------------------------------------------------------------------------------

Report BlackBoxes: 
+-+--------------+----------+
| |BlackBox name |Instances |
+-+--------------+----------+
+-+--------------+----------+

Report Cell Usage: 
+------+-----+------+
|      |Cell |Count |
+------+-----+------+
|1     |LUT5 |     1|
|2     |LUT6 |    22|
|3     |IBUF |    10|
|4     |OBUF |    20|
+------+-----+------+
---------------------------------------------------------------------------------
Finished Writing Synthesis Report : Time (s): cpu = 00:00:28 ; elapsed = 00:00:25 . Memory (MB): peak = 1300.832 ; gain = 22.090
---------------------------------------------------------------------------------
Synthesis finished with 0 errors, 0 critical warnings and 9 warnings.
Synthesis Optimization Runtime : Time (s): cpu = 00:00:20 ; elapsed = 00:00:24 . Memory (MB): peak = 1300.832 ; gain = 0.000
Synthesis Optimization Complete : Time (s): cpu = 00:00:28 ; elapsed = 00:00:25 . Memory (MB): peak = 1300.832 ; gain = 22.090
INFO: [Project 1-571] Translating synthesized netlist
Netlist sorting complete. Time (s): cpu = 00:00:00 ; elapsed = 00:00:00 . Memory (MB): peak = 1300.832 ; gain = 0.000
INFO: [Project 1-570] Preparing netlist for logic optimization
INFO: [Opt 31-138] Pushed 0 inverter(s) to 0 load pin(s).
Netlist sorting complete. Time (s): cpu = 00:00:00 ; elapsed = 00:00:00 . Memory (MB): peak = 1300.832 ; gain = 0.000
INFO: [Project 1-111] Unisim Transformation Summary:
No Unisim elements were transformed.

Synth Design complete, checksum: 3ca30d8
INFO: [Common 17-83] Releasing license: Synthesis
27 Infos, 9 Warnings, 0 Critical Warnings and 0 Errors encountered.
synth_design completed successfully
synth_design: Time (s): cpu = 00:00:32 ; elapsed = 00:00:29 . Memory (MB): peak = 1300.832 ; gain = 22.090
INFO: [Common 17-1381] The checkpoint 'E:/progetti/2_Encoder_BCD/2_Encoder_BCD/2_Encoder_BCD.runs/synth_1/encoder_con_display.dcp' has been generated.
INFO: [runtcl-4] Executing : report_utilization -file encoder_con_display_utilization_synth.rpt -pb encoder_con_display_utilization_synth.pb
INFO: [Common 17-206] Exiting Vivado at Sat Nov 12 18:12:11 2022...
